app/build/intermediates/manifest_merge_blame_file/debug/manifest-merger-blame-debug-report.txt
1<?xml version="1.0" encoding="utf-8"?>
2<manifest xmlns:android="http://schemas.android.com/apk/res/android"
3    package="com.example.paranoid"
4    android:versionCode="1"
5    android:versionName="1.0" >
6
7    <uses-sdk
8        android:minSdkVersion="26"
8-->src/main/AndroidManifest.xml
9        android:targetSdkVersion="31" />
9-->src/main/AndroidManifest.xml
10
11    <uses-permission android:name="android.permission.FOREGROUND_SERVICE" />
11-->src/main/AndroidManifest.xml:5:5-77
11-->src/main/AndroidManifest.xml:5:22-74
12    <uses-permission android:name="android.permission.INTERNET" />
12-->src/main/AndroidManifest.xml:6:5-67
12-->src/main/AndroidManifest.xml:6:22-64
13    <uses-permission android:name="android.permission.WRITE_EXTERNAL_STORAGE" />
13-->src/main/AndroidManifest.xml:7:5-81
13-->src/main/AndroidManifest.xml:7:22-78
14    <uses-permission android:name="android.permission.INTERACT_ACROSS_USERS" />
14-->src/main/AndroidManifest.xml:8:5-80
14-->src/main/AndroidManifest.xml:8:22-77
15    <uses-permission android:name="android.permission.ACCESS_NETWORK_STATE" />
15-->src/main/AndroidManifest.xml:9:5-79
15-->src/main/AndroidManifest.xml:9:22-76
16    <uses-permission android:name="android.permission.CHANGE_WIFI_STATE" />
16-->src/main/AndroidManifest.xml:10:5-76
16-->src/main/AndroidManifest.xml:10:22-73
17    <uses-permission android:name="android.permission.ACCESS_WIFI_STATE" />
17-->src/main/AndroidManifest.xml:11:5-76
17-->src/main/AndroidManifest.xml:11:22-73
18    <uses-permission android:name="android.permission.CHANGE_NETWORK_STATE" />
18-->src/main/AndroidManifest.xml:12:5-79
18-->src/main/AndroidManifest.xml:12:22-76
19    <uses-permission android:name="android.permission.INTERNET" />
19-->src/main/AndroidManifest.xml:6:5-67
19-->src/main/AndroidManifest.xml:6:22-64
20
21    <application
21-->src/main/AndroidManifest.xml:15:5-41:19
22        android:name="com.example.paranoid.ui.app.App"
22-->src/main/AndroidManifest.xml:16:13-39
23        android:allowBackup="true"
23-->src/main/AndroidManifest.xml:17:13-39
24        android:appComponentFactory="androidx.core.app.CoreComponentFactory"
24-->[androidx.core:core:1.6.0] AndroidManifest.xml:24:18-86
25        android:debuggable="true"
26        android:extractNativeLibs="false"
27        android:icon="@mipmap/ic_launcher"
27-->src/main/AndroidManifest.xml:18:13-47
28        android:label="@string/app_name"
28-->src/main/AndroidManifest.xml:19:13-45
29        android:roundIcon="@mipmap/ic_launcher_round"
29-->src/main/AndroidManifest.xml:20:13-58
30        android:supportsRtl="true"
30-->src/main/AndroidManifest.xml:21:13-39
31        android:testOnly="true"
32        android:theme="@style/Theme.Paranoid" >
32-->src/main/AndroidManifest.xml:22:13-50
33        <activity
33-->src/main/AndroidManifest.xml:23:9-31:20
34            android:name="com.example.paranoid.ui.MainActivity"
34-->src/main/AndroidManifest.xml:24:17-48
35            android:exported="true" >
35-->src/main/AndroidManifest.xml:25:17-40
36            <intent-filter>
36-->src/main/AndroidManifest.xml:26:13-30:29
37                <action android:name="android.intent.action.MAIN" />
37-->src/main/AndroidManifest.xml:27:17-69
37-->src/main/AndroidManifest.xml:27:25-66
38
39                <category android:name="android.intent.category.LAUNCHER" />
39-->src/main/AndroidManifest.xml:29:17-77
39-->src/main/AndroidManifest.xml:29:27-74
40            </intent-filter>
41        </activity>
42
43        <service
43-->src/main/AndroidManifest.xml:33:9-40:19
44            android:name="com.example.paranoid.ui.vpn.basic_client.LocalVPNService"
44-->src/main/AndroidManifest.xml:34:17-88
45            android:exported="false"
45-->src/main/AndroidManifest.xml:36:17-41
46            android:permission="android.permission.BIND_VPN_SERVICE" >
46-->src/main/AndroidManifest.xml:35:17-73
47            <intent-filter>
47-->src/main/AndroidManifest.xml:37:13-39:29
48                <action android:name="android.net.VpnService" />
48-->src/main/AndroidManifest.xml:38:17-65
48-->src/main/AndroidManifest.xml:38:25-62
49            </intent-filter>
50        </service>
51
52        <provider
52-->[androidx.profileinstaller:profileinstaller:1.0.1] AndroidManifest.xml:26:9-34:20
53            android:name="androidx.startup.InitializationProvider"
53-->[androidx.profileinstaller:profileinstaller:1.0.1] AndroidManifest.xml:27:13-67
54            android:authorities="com.example.paranoid.androidx-startup"
54-->[androidx.profileinstaller:profileinstaller:1.0.1] AndroidManifest.xml:28:13-68
55            android:exported="false" >
55-->[androidx.profileinstaller:profileinstaller:1.0.1] AndroidManifest.xml:29:13-37
56            <meta-data
56-->[androidx.profileinstaller:profileinstaller:1.0.1] AndroidManifest.xml:31:13-33:52
57                android:name="androidx.profileinstaller.ProfileInstallerInitializer"
57-->[androidx.profileinstaller:profileinstaller:1.0.1] AndroidManifest.xml:32:17-85
58                android:value="androidx.startup" />
58-->[androidx.profileinstaller:profileinstaller:1.0.1] AndroidManifest.xml:33:17-49
59        </provider>
60
61        <receiver
61-->[androidx.profileinstaller:profileinstaller:1.0.1] AndroidManifest.xml:36:9-45:20
62            android:name="androidx.profileinstaller.ProfileInstallReceiver"
62-->[androidx.profileinstaller:profileinstaller:1.0.1] AndroidManifest.xml:37:13-76
63            android:directBootAware="false"
63-->[androidx.profileinstaller:profileinstaller:1.0.1] AndroidManifest.xml:38:13-44
64            android:enabled="true"
64-->[androidx.profileinstaller:profileinstaller:1.0.1] AndroidManifest.xml:39:13-35
65            android:exported="true"
65-->[androidx.profileinstaller:profileinstaller:1.0.1] AndroidManifest.xml:40:13-36
66            android:permission="android.permission.DUMP" >
66-->[androidx.profileinstaller:profileinstaller:1.0.1] AndroidManifest.xml:41:13-57
67            <intent-filter>
67-->[androidx.profileinstaller:profileinstaller:1.0.1] AndroidManifest.xml:42:13-44:29
68                <action android:name="androidx.profileinstaller.action.INSTALL_PROFILE" />
68-->[androidx.profileinstaller:profileinstaller:1.0.1] AndroidManifest.xml:43:17-91
68-->[androidx.profileinstaller:profileinstaller:1.0.1] AndroidManifest.xml:43:25-88
69            </intent-filter>
70        </receiver> <!-- The activities will be merged into the manifest of the hosting app. -->
71        <activity
71-->[com.google.android.play:core:1.9.1] AndroidManifest.xml:12:5-271
72            android:name="com.google.android.play.core.missingsplits.PlayCoreMissingSplitsActivity"
72-->[com.google.android.play:core:1.9.1] AndroidManifest.xml:12:15-102
73            android:enabled="false"
73-->[com.google.android.play:core:1.9.1] AndroidManifest.xml:12:103-126
74            android:exported="false"
74-->[com.google.android.play:core:1.9.1] AndroidManifest.xml:12:127-151
75            android:launchMode="singleInstance"
75-->[com.google.android.play:core:1.9.1] AndroidManifest.xml:12:204-239
76            android:process=":playcore_missing_splits_activity"
76-->[com.google.android.play:core:1.9.1] AndroidManifest.xml:12:152-203
77            android:stateNotNeeded="true" />
77-->[com.google.android.play:core:1.9.1] AndroidManifest.xml:12:240-269
78        <activity
78-->[com.google.android.play:core:1.9.1] AndroidManifest.xml:13:5-226
79            android:name="com.google.android.play.core.common.PlayCoreDialogWrapperActivity"
79-->[com.google.android.play:core:1.9.1] AndroidManifest.xml:13:15-95
80            android:enabled="false"
80-->[com.google.android.play:core:1.9.1] AndroidManifest.xml:13:96-119
81            android:exported="false"
81-->[com.google.android.play:core:1.9.1] AndroidManifest.xml:13:120-144
82            android:stateNotNeeded="true"
82-->[com.google.android.play:core:1.9.1] AndroidManifest.xml:13:145-174
83            android:theme="@style/Theme.PlayCore.Transparent" /> <!-- The services will be merged into the manifest of the hosting app. -->
83-->[com.google.android.play:core:1.9.1] AndroidManifest.xml:13:175-224
84        <service
84-->[com.google.android.play:core:1.9.1] AndroidManifest.xml:16:5-18:15
85            android:name="com.google.android.play.core.assetpacks.AssetPackExtractionService"
85-->[com.google.android.play:core:1.9.1] AndroidManifest.xml:16:14-95
86            android:enabled="false"
86-->[com.google.android.play:core:1.9.1] AndroidManifest.xml:16:96-119
87            android:exported="true" >
87-->[com.google.android.play:core:1.9.1] AndroidManifest.xml:16:120-143
88            <meta-data
88-->[com.google.android.play:core:1.9.1] AndroidManifest.xml:17:7-108
89                android:name="com.google.android.play.core.assetpacks.versionCode"
89-->[com.google.android.play:core:1.9.1] AndroidManifest.xml:17:18-84
90                android:value="10901" />
90-->[com.google.android.play:core:1.9.1] AndroidManifest.xml:17:85-106
91        </service>
92        <service
92-->[com.google.android.play:core:1.9.1] AndroidManifest.xml:19:5-147
93            android:name="com.google.android.play.core.assetpacks.ExtractionForegroundService"
93-->[com.google.android.play:core:1.9.1] AndroidManifest.xml:19:14-96
94            android:enabled="false"
94-->[com.google.android.play:core:1.9.1] AndroidManifest.xml:19:97-120
95            android:exported="false" />
95-->[com.google.android.play:core:1.9.1] AndroidManifest.xml:19:121-145
96    </application>
97
98</manifest>